Determining if the pthread_create exist failed with the following output:
Change Dir: /home/unitree/summer_project/catkin_ws/build/CMakeFiles/CMakeTmp

Run Build Command:"/usr/bin/make" "cmTC_39945/fast"
/usr/bin/make -f CMakeFiles/cmTC_39945.dir/build.make CMakeFiles/cmTC_39945.dir/build
make[1]: Entering directory '/home/unitree/summer_project/catkin_ws/build/CMakeFiles/CMakeTmp'
Building C object CMakeFiles/cmTC_39945.dir/CheckSymbolExists.c.o
/usr/bin/cc    -o CMakeFiles/cmTC_39945.dir/CheckSymbolExists.c.o   -c /home/unitree/summer_project/catkin_ws/build/CMakeFiles/CMakeTmp/CheckSymbolExists.c
Linking C executable cmTC_39945
/usr/bin/cmake -E cmake_link_script CMakeFiles/cmTC_39945.dir/link.txt --verbose=1
/usr/bin/cc      -rdynamic CMakeFiles/cmTC_39945.dir/CheckSymbolExists.c.o  -o cmTC_39945 
CMakeFiles/cmTC_39945.dir/CheckSymbolExists.c.o: In function `main':
CheckSymbolExists.c:(.text+0x14): undefined reference to `pthread_create'
CheckSymbolExists.c:(.text+0x18): undefined reference to `pthread_create'
collect2: error: ld returned 1 exit status
CMakeFiles/cmTC_39945.dir/build.make:97: recipe for target 'cmTC_39945' failed
make[1]: *** [cmTC_39945] Error 1
make[1]: Leaving directory '/home/unitree/summer_project/catkin_ws/build/CMakeFiles/CMakeTmp'
Makefile:126: recipe for target 'cmTC_39945/fast' failed
make: *** [cmTC_39945/fast] Error 2

File /home/unitree/summer_project/catkin_ws/build/CMakeFiles/CMakeTmp/CheckSymbolExists.c:
/* */
#include <pthread.h>

int main(int argc, char** argv)
{
  (void)argv;
#ifndef pthread_create
  return ((int*)(&pthread_create))[argc];
#else
  (void)argc;
  return 0;
#endif
}

Determining if the function pthread_create exists in the pthreads failed with the following output:
Change Dir: /home/unitree/summer_project/catkin_ws/build/CMakeFiles/CMakeTmp

Run Build Command:"/usr/bin/make" "cmTC_59dca/fast"
/usr/bin/make -f CMakeFiles/cmTC_59dca.dir/build.make CMakeFiles/cmTC_59dca.dir/build
make[1]: Entering directory '/home/unitree/summer_project/catkin_ws/build/CMakeFiles/CMakeTmp'
Building C object CMakeFiles/cmTC_59dca.dir/CheckFunctionExists.c.o
/usr/bin/cc   -DCHECK_FUNCTION_EXISTS=pthread_create   -o CMakeFiles/cmTC_59dca.dir/CheckFunctionExists.c.o   -c /usr/share/cmake-3.10/Modules/CheckFunctionExists.c
Linking C executable cmTC_59dca
/usr/bin/cmake -E cmake_link_script CMakeFiles/cmTC_59dca.dir/link.txt --verbose=1
/usr/bin/cc  -DCHECK_FUNCTION_EXISTS=pthread_create    -rdynamic CMakeFiles/cmTC_59dca.dir/CheckFunctionExists.c.o  -o cmTC_59dca -lpthreads 
/usr/bin/ld: cannot find -lpthreads
collect2: error: ld returned 1 exit status
CMakeFiles/cmTC_59dca.dir/build.make:97: recipe for target 'cmTC_59dca' failed
make[1]: *** [cmTC_59dca] Error 1
make[1]: Leaving directory '/home/unitree/summer_project/catkin_ws/build/CMakeFiles/CMakeTmp'
Makefile:126: recipe for target 'cmTC_59dca/fast' failed
make: *** [cmTC_59dca/fast] Error 2


